2026-07-06 16:47:33 | INFO | domnak | GET / -> 200 (9ms)
2026-07-06 16:47:33 | INFO | domnak | GET /favicon.ico -> 404 (0ms)
2026-07-06 16:50:31 | INFO | domnak | GET /health/ready -> 200 (1572ms)
2026-07-06 16:50:38 | INFO | domnak | GET /health/ready -> 200 (401ms)
2026-07-06 18:01:47 | INFO | domnak | GET /health/ready -> 200 (1232ms)
2026-07-06 18:09:35 | INFO | domnak | POST /chat/stream -> 404 (10ms)
2026-07-06 18:17:12 | INFO | domnak | POST /api/v1/chat/stream -> 404 (9ms)
2026-07-06 18:19:19 | INFO | domnak | POST /api/v1/chat/stream -> 404 (1ms)
2026-07-06 18:19:46 | INFO | domnak | POST /api/v1/chat/stream -> 404 (2ms)
2026-07-06 18:19:46 | INFO | domnak | POST /api/v1/chat/stream -> 404 (1ms)
2026-07-07 15:58:24 | INFO | domnak | POST /api/v1/auth/signup -> 200 (1204ms)
2026-07-07 15:58:27 | INFO | domnak | POST /api/v1/auth/signup -> 400 (198ms)
2026-07-07 15:58:34 | INFO | domnak | POST /api/v1/auth/login -> 200 (1353ms)
2026-07-07 15:59:18 | INFO | domnak | POST /api/v1/quotes/ -> 200 (813ms)
2026-07-07 15:59:26 | INFO | domnak | POST /api/v1/line-items/ -> 500 (714ms)
2026-07-07 15:59:30 | INFO | domnak | POST /api/v1/line-items/ -> 500 (331ms)
2026-07-07 15:59:35 | INFO | domnak | POST /api/v1/analyze/ -> 404 (7ms)
2026-07-07 16:00:03 | INFO | domnak | POST /api/v1/line-items/ -> 200 (1451ms)
2026-07-07 16:00:14 | INFO | domnak | POST /api/v1/line-items/ -> 200 (1011ms)
2026-07-07 16:00:19 | ERROR | domnak | Analysis failed for quote a65ac4f3-3e4d-49a9-961f-6bea1750687b: {'message': 'invalid input value for enum verdict_type: "overpriced"', 'code': '22P02', 'hint': None, 'details': None}
2026-07-07 16:00:19 | INFO | domnak | POST /api/v1/analyze/a65ac4f3-3e4d-49a9-961f-6bea1750687b -> 500 (2526ms)
2026-07-07 16:28:14 | INFO | domnak | GET /health/ready -> 200 (1257ms)
2026-07-07 16:28:18 | INFO | domnak | POST /api/v1/auth/signup -> 400 (535ms)
2026-07-07 16:28:26 | INFO | domnak | POST /api/v1/auth/login -> 200 (1350ms)
2026-07-07 16:28:39 | INFO | domnak | POST /api/v1/quotes/ -> 200 (853ms)
2026-07-07 16:28:48 | INFO | domnak | POST /api/v1/line-items/ -> 200 (992ms)
2026-07-07 16:28:56 | ERROR | domnak | Analysis failed for quote e2e696c5-0c2c-400f-93ed-c34642a1bd17: {'message': 'invalid input value for enum verdict_type: "overpriced"', 'code': '22P02', 'hint': None, 'details': None}
2026-07-07 16:28:56 | INFO | domnak | POST /api/v1/analyze/e2e696c5-0c2c-400f-93ed-c34642a1bd17 -> 500 (2212ms)
2026-07-07 16:38:40 | INFO | domnak | GET /docs -> 200 (2ms)
2026-07-07 16:38:41 | INFO | domnak | GET /openapi.json -> 200 (40ms)
2026-07-07 16:46:00 | INFO | domnak | POST /api/v1/auth/signup -> 422 (9ms)
2026-07-07 16:46:49 | INFO | domnak | POST /api/v1/auth/signup -> 200 (1125ms)
2026-07-07 16:47:21 | INFO | domnak | POST /api/v1/auth/login -> 422 (8ms)
2026-07-07 16:47:40 | INFO | domnak | POST /api/v1/auth/login -> 200 (1230ms)
2026-07-07 16:55:07 | INFO | domnak | POST /api/v1/auth/login -> 200 (2131ms)
2026-07-07 16:55:18 | INFO | domnak | POST /api/v1/auth/login -> 200 (919ms)
2026-07-07 16:55:18 | INFO | domnak | GET /api/v1/auth/me -> 422 (10ms)
2026-07-07 16:55:51 | INFO | domnak | POST /api/v1/auth/login -> 200 (1108ms)
2026-07-07 16:55:51 | INFO | domnak | GET /api/v1/auth/me -> 200 (297ms)
2026-07-07 16:56:21 | INFO | domnak | POST /api/v1/auth/login -> 200 (828ms)
2026-07-07 16:56:22 | INFO | domnak | POST /api/v1/quotes/ -> 200 (340ms)
2026-07-07 16:56:28 | INFO | domnak | POST /api/v1/auth/login -> 200 (1006ms)
2026-07-07 16:56:29 | INFO | domnak | POST /api/v1/line-items/ -> 200 (821ms)
2026-07-07 16:56:29 | INFO | domnak | GET /api/v1/quotes/ -> 200 (443ms)
2026-07-07 16:56:30 | INFO | domnak | GET /api/v1/line-items/ -> 200 (448ms)
2026-07-07 16:56:35 | INFO | domnak | POST /api/v1/auth/login -> 200 (736ms)
2026-07-07 16:56:37 | ERROR | domnak | Analysis failed for quote 1debe18a-f9f3-49a1-a22f-a368714ebeed: {'message': 'invalid input value for enum verdict_type: "overpriced"', 'code': '22P02', 'hint': None, 'details': None}
2026-07-07 16:56:37 | INFO | domnak | POST /api/v1/analyze/1debe18a-f9f3-49a1-a22f-a368714ebeed -> 500 (1971ms)
2026-07-07 17:02:22 | INFO | domnak | POST /api/v1/auth/login -> 200 (1391ms)
2026-07-07 17:06:55 | INFO | domnak | GET /api/v1/auth/me -> 404 (983ms)
2026-07-07 17:07:36 | INFO | domnak | POST /api/v1/auth/signup -> 400 (536ms)
2026-07-07 17:07:43 | INFO | domnak | POST /api/v1/auth/signup -> 400 (275ms)
2026-07-07 17:08:13 | INFO | domnak | POST /api/v1/auth/login -> 200 (1177ms)
2026-07-07 17:08:44 | INFO | domnak | GET /api/v1/auth/me -> 404 (561ms)
2026-07-07 17:09:02 | INFO | domnak | GET /api/v1/auth/me -> 200 (268ms)
2026-07-07 17:09:02 | INFO | domnak | GET /api/v1/auth/me -> 422 (2ms)
2026-07-07 17:09:02 | INFO | domnak | GET /api/v1/auth/me -> 422 (1ms)
2026-07-07 17:09:08 | INFO | domnak | GET /api/v1/auth/me -> 404 (269ms)
2026-07-07 17:09:08 | INFO | domnak | GET /api/v1/auth/me -> 404 (164ms)
2026-07-07 17:09:20 | INFO | domnak | GET /api/v1/auth/me -> 404 (275ms)
2026-07-07 17:13:20 | INFO | domnak | GET /api/v1/auth/me -> 200 (931ms)
2026-07-07 17:14:29 | INFO | domnak | POST /api/v1/quotes/ -> 401 (517ms)
2026-07-07 17:15:18 | INFO | domnak | POST /api/v1/quotes/ -> 200 (1005ms)
2026-07-07 17:16:08 | INFO | domnak | GET /api/v1/quotes/ -> 200 (1247ms)
2026-07-07 17:16:39 | INFO | domnak | GET /api/v1/quotes/{{quote_id}} -> 401 (4ms)
2026-07-07 17:16:45 | INFO | domnak | GET /api/v1/quotes/{{quote_id}} -> 500 (742ms)
2026-07-07 17:19:31 | INFO | domnak | GET /api/v1/quotes/{quote_id} -> 500 (796ms)
2026-07-07 17:20:01 | INFO | domnak | POST /api/v1/quotes/ -> 200 (936ms)
2026-07-07 17:20:05 | INFO | domnak | GET /api/v1/quotes/ -> 200 (303ms)
2026-07-07 17:20:36 | INFO | domnak | GET /api/v1/quotes/{quote_id} -> 500 (715ms)
2026-07-07 17:28:37 | INFO | domnak | POST /api/v1/quotes/ -> 422 (700ms)
2026-07-07 17:28:48 | INFO | domnak | POST /api/v1/quotes/ -> 200 (1092ms)
2026-07-07 17:29:54 | INFO | domnak | GET /api/v1/quotes/{cc4000f9-a62c-40f9-a44e-f460bd800164} -> 200 (913ms)
2026-07-07 17:31:39 | INFO | domnak | POST /api/v1/line-items/ -> 401 (14ms)
2026-07-07 17:31:50 | INFO | domnak | POST /api/v1/line-items/ -> 200 (1729ms)
2026-07-07 17:32:24 | INFO | domnak | GET /api/v1/line-items/ -> 200 (1044ms)
2026-07-07 17:32:44 | INFO | domnak | GET /api/v1/line-items/{line_item_id} -> 405 (18ms)
2026-07-07 17:32:49 | INFO | domnak | GET /api/v1/line-items/{line_item_id} -> 405 (0ms)
2026-07-07 17:33:18 | INFO | domnak | GET /api/v1/line-items/aed47f9e-6990-4815-a53c-dc90d00c82cb -> 405 (2ms)
2026-07-07 17:33:28 | INFO | domnak | GET /api/v1/line-items/{aed47f9e-6990-4815-a53c-dc90d00c82cb} -> 405 (0ms)
2026-07-07 17:34:10 | INFO | domnak | GET /api/v1/line-items/"aed47f9e-6990-4815-a53c-dc90d00c82cb" -> 405 (1ms)
2026-07-07 17:34:11 | INFO | domnak | GET /api/v1/line-items/"aed47f9e-6990-4815-a53c-dc90d00c82cb" -> 405 (0ms)
2026-07-07 17:34:30 | INFO | domnak | GET /api/v1/line-items/aed47f9e-6990-4815-a53c-dc90d00c82cb -> 405 (1ms)
2026-07-07 17:35:09 | INFO | domnak | GET /api/v1/line-items/aed47f9e-6990-4815-a53c-dc90d00c82cb -> 405 (1ms)
2026-07-07 17:35:10 | INFO | domnak | GET /api/v1/line-items/aed47f9e-6990-4815-a53c-dc90d00c82cb -> 405 (0ms)
2026-07-07 17:35:29 | INFO | domnak | GET /api/v1/line-items/ -> 200 (1482ms)
2026-07-07 17:35:46 | INFO | domnak | GET /api/v1/line-items/12908df9-d56e-4e1e-95f0-08eafadd4eff -> 405 (0ms)
2026-07-07 17:37:48 | INFO | domnak | GET /api/v1/line-items/aed47f9e-6990-4815-a53c-dc90d00c82cb -> 200 (1604ms)
2026-07-07 17:44:22 | INFO | domnak | POST /api/v1/pdf/upload -> 422 (23ms)
2026-07-07 17:46:05 | INFO | domnak | POST /api/v1/pdf/upload -> 400 (771ms)
2026-07-07 17:47:19 | INFO | domnak | GET /api/v1/estimator/ -> 405 (11ms)
2026-07-07 17:47:47 | INFO | domnak | GET /api/v1/estimator/ -> 405 (0ms)
2026-07-07 17:48:09 | INFO | domnak | GET /api/v1/health/ -> 404 (1ms)
2026-07-07 17:48:46 | INFO | domnak | GET /api/v1/estimator/ -> 405 (1ms)
2026-07-07 17:49:27 | INFO | domnak | GET /api/v1/estimator/ -> 405 (1ms)
2026-07-07 17:49:49 | INFO | domnak | GET /docs -> 200 (1ms)
2026-07-07 17:49:49 | INFO | domnak | GET /openapi.json -> 200 (33ms)
2026-07-07 17:50:19 | INFO | domnak | POST /api/v1/estimator/ -> 422 (5ms)
2026-07-07 17:50:30 | INFO | domnak | POST /api/v1/estimator/ -> 422 (1ms)
2026-07-07 17:50:31 | INFO | domnak | POST /api/v1/estimator/ -> 422 (1ms)
2026-07-07 17:51:02 | INFO | domnak | POST /api/v1/estimator/ -> 422 (5ms)
2026-07-07 17:51:04 | INFO | domnak | POST /api/v1/estimator/ -> 422 (1ms)
2026-07-07 17:51:10 | INFO | domnak | POST /api/v1/estimator/ -> 422 (4ms)
2026-07-07 17:51:38 | INFO | domnak | GET /api/v1/quotes/ -> 200 (1818ms)
2026-07-07 17:52:06 | INFO | domnak | POST /api/v1/estimator/ -> 422 (4ms)
2026-07-07 17:52:20 | INFO | domnak | POST /api/v1/estimator/ -> 422 (1ms)
2026-07-07 17:52:59 | INFO | domnak | Estimate calculated: 120.5m² standard in phnom_penh
2026-07-07 17:52:59 | INFO | domnak | POST /api/v1/estimator/ -> 200 (7ms)
2026-07-07 17:53:41 | INFO | domnak | Fetched all suppliers
2026-07-07 17:53:41 | INFO | domnak | GET /api/v1/suppliers/ -> 200 (999ms)
2026-07-07 17:54:21 | INFO | domnak | POST /api/v1/suppliers/ -> 403 (776ms)
2026-07-07 17:57:43 | ERROR | domnak | Analysis failed for quote 1debe18a-f9f3-49a1-a22f-a368714ebeed: {'message': 'invalid input value for enum verdict_type: "overpriced"', 'code': '22P02', 'hint': None, 'details': None}
2026-07-07 17:57:43 | INFO | domnak | POST /api/v1/analyze/1debe18a-f9f3-49a1-a22f-a368714ebeed -> 500 (2418ms)
2026-07-07 18:03:49 | INFO | domnak | Quote 1debe18a-f9f3-49a1-a22f-a368714ebeed analyzed — 2 items processed
2026-07-07 18:03:49 | INFO | domnak | POST /api/v1/analyze/1debe18a-f9f3-49a1-a22f-a368714ebeed -> 200 (3282ms)
2026-07-07 18:07:11 | INFO | domnak | GET /api/v1/chat/ -> 200 (11ms)
2026-07-07 18:07:51 | INFO | domnak | POST /api/v1/chat/chat/stream -> 200 (496ms)
2026-07-07 18:08:11 | INFO | domnak | POST /api/v1/chat/chat/stream -> 500 (443ms)
2026-07-07 18:10:56 | INFO | domnak | POST /api/v1/chat/chat/stream -> 401 (702ms)
2026-07-07 18:11:33 | INFO | domnak | POST /api/v1/auth/login -> 200 (1507ms)
2026-07-07 18:12:02 | INFO | domnak | POST /api/v1/chat/chat/stream -> 500 (522ms)
2026-07-07 18:12:58 | INFO | domnak | GET /api/v1/chat/ -> 200 (2ms)
2026-07-07 18:14:00 | INFO | domnak | POST /api/v1/chat/chat/stream -> 500 (586ms)
2026-07-07 18:14:35 | INFO | domnak | POST /api/v1/chat/chat/stream -> 200 (582ms)
2026-07-07 18:22:43 | INFO | domnak | POST /api/v1/chat/chat/stream -> 500 (1165ms)
2026-07-07 18:25:15 | INFO | domnak | POST /api/v1/chat/chat/stream -> 500 (1012ms)
2026-07-07 18:25:53 | INFO | domnak | POST /api/v1/chat/chat/stream -> 200 (1855ms)
2026-07-07 20:27:00 | INFO | domnak | POST /api/v1/auth/login -> 200 (1964ms)
2026-07-07 20:28:25 | INFO | domnak | GET /health -> 200 (20ms)
2026-07-07 20:28:33 | INFO | domnak | GET /api/v1/auth/me -> 200 (2311ms)
2026-07-07 20:28:44 | INFO | domnak | POST /api/v1/quotes/ -> 200 (935ms)
2026-07-07 20:28:56 | INFO | domnak | GET /api/v1/quotes/ -> 200 (906ms)
2026-07-07 20:29:15 | INFO | domnak | GET /api/v1/quotes/ -> 200 (1223ms)
2026-07-07 20:29:34 | INFO | domnak | GET /api/v1/quotes/ -> 401 (3ms)
2026-07-07 20:29:52 | INFO | domnak | GET /api/v1/quotes/ -> 200 (887ms)
2026-07-07 20:30:06 | INFO | domnak | GET /api/v1/quotes/6a4503ad-8d5c-47e7-8e4e-a973e803b7bf -> 200 (940ms)
2026-07-07 20:30:11 | INFO | domnak | POST /api/v1/line-items/ -> 200 (1235ms)
2026-07-07 20:30:15 | INFO | domnak | GET /api/v1/line-items/ -> 200 (1079ms)
2026-07-07 20:30:18 | INFO | domnak | GET /api/v1/line-items/ -> 422 (160ms)
2026-07-07 20:30:22 | INFO | domnak | PATCH /api/v1/line-items/ -> 405 (13ms)
2026-07-07 20:30:26 | INFO | domnak | Estimate calculated: 120.5m² standard in phnom_penh
2026-07-07 20:30:26 | INFO | domnak | POST /api/v1/estimator/ -> 200 (9ms)
2026-07-07 20:30:32 | INFO | domnak | POST /api/v1/boq/calculate -> 200 (690ms)
2026-07-07 20:30:40 | INFO | domnak | Quote 6a4503ad-8d5c-47e7-8e4e-a973e803b7bf analyzed — 1 items processed
2026-07-07 20:30:40 | INFO | domnak | POST /api/v1/analyze/6a4503ad-8d5c-47e7-8e4e-a973e803b7bf -> 200 (2659ms)
2026-07-07 20:30:41 | INFO | domnak | GET /api/v1/analyze/6a4503ad-8d5c-47e7-8e4e-a973e803b7bf -> 200 (752ms)
2026-07-07 20:30:46 | INFO | domnak | POST /api/v1/chat/chat/stream -> 200 (2143ms)
2026-07-07 20:30:48 | INFO | domnak | GET /api/v1/quotes/6a4503ad-8d5c-47e7-8e4e-a973e803b7bf/share -> 404 (1ms)
2026-07-07 20:30:52 | INFO | domnak | GET /api/v1/quotes/6a4503ad-8d5c-47e7-8e4e-a973e803b7bf/report -> 404 (0ms)
2026-07-07 20:30:56 | INFO | domnak | DELETE /api/v1/line-items/ -> 405 (9ms)
2026-07-07 20:31:01 | INFO | domnak | DELETE /api/v1/quotes/6a4503ad-8d5c-47e7-8e4e-a973e803b7bf -> 200 (1103ms)
2026-07-07 20:31:12 | INFO | domnak | GET /api/v1/quotes/6a4503ad-8d5c-47e7-8e4e-a973e803b7bf -> 403 (763ms)
2026-07-07 20:31:12 | INFO | domnak | POST /api/v1/line-items/ -> 500 (549ms)
2026-07-07 20:31:13 | INFO | domnak | GET /api/v1/line-items/ -> 500 (543ms)
2026-07-07 20:31:13 | INFO | domnak | GET /api/v1/line-items/null -> 500 (332ms)
2026-07-07 20:31:14 | INFO | domnak | PATCH /api/v1/line-items/null -> 500 (301ms)
2026-07-07 20:31:14 | INFO | domnak | Estimate calculated: 120.5m² standard in phnom_penh
2026-07-07 20:31:14 | INFO | domnak | POST /api/v1/estimator/ -> 200 (1ms)
2026-07-07 20:31:14 | INFO | domnak | POST /api/v1/boq/calculate -> 200 (140ms)
2026-07-07 20:31:14 | ERROR | domnak | Analysis failed for quote 6a4503ad-8d5c-47e7-8e4e-a973e803b7bf: {'message': 'Cannot coerce the result to a single JSON object', 'code': 'PGRST116', 'hint': None, 'details': 'The result contains 0 rows'}
2026-07-07 20:31:14 | INFO | domnak | POST /api/v1/analyze/6a4503ad-8d5c-47e7-8e4e-a973e803b7bf -> 500 (325ms)
2026-07-07 20:31:15 | ERROR | domnak | Failed to fetch analysis for quote 6a4503ad-8d5c-47e7-8e4e-a973e803b7bf: {'message': 'Cannot coerce the result to a single JSON object', 'code': 'PGRST116', 'hint': None, 'details': 'The result contains 0 rows'}
2026-07-07 20:31:15 | INFO | domnak | GET /api/v1/analyze/6a4503ad-8d5c-47e7-8e4e-a973e803b7bf -> 500 (1178ms)
2026-07-07 20:31:18 | INFO | domnak | POST /api/v1/chat/chat/stream -> 200 (2951ms)
2026-07-07 20:31:18 | INFO | domnak | GET /api/v1/quotes/6a4503ad-8d5c-47e7-8e4e-a973e803b7bf/share -> 404 (0ms)
2026-07-07 20:31:18 | INFO | domnak | GET /api/v1/quotes/6a4503ad-8d5c-47e7-8e4e-a973e803b7bf/report -> 404 (0ms)
2026-07-07 20:31:19 | INFO | domnak | DELETE /api/v1/line-items/null -> 500 (680ms)
2026-07-07 20:31:19 | INFO | domnak | DELETE /api/v1/quotes/6a4503ad-8d5c-47e7-8e4e-a973e803b7bf -> 403 (517ms)
2026-07-07 20:32:01 | INFO | domnak | POST /api/v1/quotes/ -> 200 (817ms)
2026-07-07 20:32:06 | INFO | domnak | POST /api/v1/line-items/ -> 200 (989ms)
2026-07-07 20:32:13 | INFO | domnak | GET /api/v1/quotes/1009a984-2706-4527-8bce-3c8385c02ff0/share -> 200 (2175ms)
2026-07-07 20:32:19 | INFO | domnak | GET /api/v1/quotes/1009a984-2706-4527-8bce-3c8385c02ff0/report -> 404 (9ms)
2026-07-07 20:32:26 | INFO | domnak | Quote 1009a984-2706-4527-8bce-3c8385c02ff0 analyzed — 1 items processed
2026-07-07 20:32:26 | INFO | domnak | POST /api/v1/analyze/1009a984-2706-4527-8bce-3c8385c02ff0 -> 200 (2202ms)
2026-07-07 20:32:30 | INFO | domnak | DELETE /api/v1/line-items/ -> 405 (1ms)
2026-07-07 20:32:32 | INFO | domnak | DELETE /api/v1/quotes/1009a984-2706-4527-8bce-3c8385c02ff0 -> 200 (1087ms)
2026-07-07 20:33:09 | INFO | domnak | POST /api/v1/quotes/ -> 200 (790ms)
2026-07-07 20:33:13 | INFO | domnak | POST /api/v1/line-items/ -> 200 (419ms)
2026-07-07 20:33:16 | INFO | domnak | GET /api/v1/line-items/a11612b6-e61f-42c0-80f6-dc5e8591ed87 -> 200 (459ms)
2026-07-07 20:33:20 | INFO | domnak | DELETE /api/v1/line-items/a11612b6-e61f-42c0-80f6-dc5e8591ed87 -> 200 (578ms)
2026-07-07 20:33:23 | INFO | domnak | DELETE /api/v1/quotes/c497a1fc-2106-4da7-8c52-92ff70258922 -> 200 (559ms)
2026-07-08 09:54:20 | INFO | domnak | POST /api/v1/auth/signup -> 200 (1177ms)
2026-07-08 09:54:21 | INFO | domnak | POST /api/v1/auth/login -> 200 (1197ms)
2026-07-08 09:55:34 | INFO | domnak | POST /api/v1/auth/signup -> 400 (778ms)
2026-07-08 09:55:35 | INFO | domnak | POST /api/v1/auth/login -> 200 (942ms)
2026-07-08 09:55:36 | INFO | domnak | GET /api/v1/auth/me -> 200 (291ms)
2026-07-08 09:55:36 | INFO | domnak | POST /api/v1/quotes/ -> 200 (319ms)
2026-07-08 09:55:36 | INFO | domnak | GET /api/v1/quotes/ -> 405 (6ms)
2026-07-08 09:55:36 | INFO | domnak | GET /api/v1/quotes/dbfc55c0-3c5d-4e07-88e1-f04b95143d72 -> 200 (280ms)
2026-07-08 09:55:37 | INFO | domnak | PATCH /api/v1/quotes/dbfc55c0-3c5d-4e07-88e1-f04b95143d72 -> 200 (416ms)
2026-07-08 09:55:37 | INFO | domnak | POST /api/v1/line-items/ -> 200 (406ms)
2026-07-08 09:55:38 | INFO | domnak | GET /api/v1/line-items/ -> 200 (402ms)
2026-07-08 09:55:38 | INFO | domnak | PATCH /api/v1/line-items/822eef8b-f6f0-4f6b-b021-14d867fc983d -> 200 (598ms)
2026-07-08 09:55:38 | INFO | domnak | Estimate calculated: 100.0m² standard in phnom_penh
2026-07-08 09:55:38 | INFO | domnak | POST /api/v1/estimator/ -> 200 (2ms)
2026-07-08 09:55:38 | INFO | domnak | Fetched all suppliers
2026-07-08 09:55:38 | INFO | domnak | GET /api/v1/suppliers/ -> 200 (158ms)
2026-07-08 09:55:38 | INFO | domnak | Fetched suppliers for material: Cement
2026-07-08 09:55:38 | INFO | domnak | GET /api/v1/suppliers/Cement -> 200 (202ms)
2026-07-08 09:55:39 | INFO | domnak | User e61d1c07-a9fb-4d0d-8181-b5acf1b2129a clicked supplier d26d5d46-1a05-4dd8-bf36-1669550aaaea
2026-07-08 09:55:39 | INFO | domnak | POST /api/v1/suppliers/d26d5d46-1a05-4dd8-bf36-1669550aaaea/click -> 200 (343ms)
2026-07-08 09:55:40 | INFO | domnak | Quote dbfc55c0-3c5d-4e07-88e1-f04b95143d72 analyzed — 1 items
2026-07-08 09:55:40 | INFO | domnak | POST /api/v1/analysis/dbfc55c0-3c5d-4e07-88e1-f04b95143d72 -> 200 (1459ms)
2026-07-08 09:55:41 | INFO | domnak | GET /api/v1/analysis/dbfc55c0-3c5d-4e07-88e1-f04b95143d72 -> 200 (395ms)
2026-07-08 09:55:41 | INFO | domnak | DELETE /api/v1/line-items/822eef8b-f6f0-4f6b-b021-14d867fc983d -> 200 (534ms)
2026-07-08 09:55:42 | INFO | domnak | DELETE /api/v1/quotes/dbfc55c0-3c5d-4e07-88e1-f04b95143d72 -> 200 (413ms)
2026-07-08 09:58:48 | INFO | domnak | GET / -> 200 (6ms)
2026-07-08 09:58:49 | INFO | domnak | GET /health -> 200 (0ms)
2026-07-08 09:58:49 | INFO | domnak | POST /api/auth/login -> 404 (1ms)
2026-07-08 09:58:49 | INFO | domnak | GET /api/auth/me -> 404 (1ms)
2026-07-08 09:58:49 | INFO | domnak | POST /api/quotes/ -> 404 (1ms)
2026-07-08 09:58:49 | INFO | domnak | GET /api/quotes/ -> 404 (0ms)
2026-07-08 09:58:49 | INFO | domnak | GET /api/quotes/null -> 404 (0ms)
2026-07-08 09:58:49 | INFO | domnak | POST /api/line-items/ -> 404 (0ms)
2026-07-08 09:58:49 | INFO | domnak | GET /api/line-items/ -> 404 (1ms)
2026-07-08 09:58:49 | INFO | domnak | POST /api/estimator/ -> 404 (0ms)
2026-07-08 09:58:49 | INFO | domnak | POST /api/chat/chat/stream -> 404 (0ms)
2026-07-08 09:58:49 | INFO | domnak | GET /api/quotes/null/share -> 404 (0ms)
2026-07-08 09:58:49 | INFO | domnak | GET /api/quotes/null/report -> 404 (0ms)
2026-07-08 09:58:49 | INFO | domnak | DELETE /api/line-items/null -> 404 (0ms)
2026-07-08 09:58:49 | INFO | domnak | DELETE /api/quotes/null -> 404 (0ms)
2026-07-08 09:59:45 | INFO | domnak | GET / -> 200 (3ms)
2026-07-08 09:59:45 | INFO | domnak | GET /health -> 200 (0ms)
2026-07-08 09:59:45 | INFO | domnak | POST /api/auth/login -> 404 (0ms)
2026-07-08 09:59:45 | INFO | domnak | GET /api/auth/me -> 404 (0ms)
2026-07-08 09:59:45 | INFO | domnak | POST /api/quotes/ -> 404 (0ms)
2026-07-08 09:59:45 | INFO | domnak | GET /api/quotes/ -> 404 (0ms)
2026-07-08 09:59:45 | INFO | domnak | GET /api/quotes/null -> 404 (0ms)
2026-07-08 09:59:45 | INFO | domnak | POST /api/line-items/ -> 404 (0ms)
2026-07-08 09:59:45 | INFO | domnak | GET /api/line-items/ -> 404 (0ms)
2026-07-08 09:59:45 | INFO | domnak | POST /api/estimator/ -> 404 (0ms)
2026-07-08 09:59:45 | INFO | domnak | POST /api/chat/chat/stream -> 404 (0ms)
2026-07-08 09:59:45 | INFO | domnak | GET /api/quotes/null/share -> 404 (0ms)
2026-07-08 09:59:45 | INFO | domnak | GET /api/quotes/null/report -> 404 (0ms)
2026-07-08 09:59:45 | INFO | domnak | DELETE /api/line-items/null -> 404 (0ms)
2026-07-08 09:59:45 | INFO | domnak | DELETE /api/quotes/null -> 404 (0ms)
2026-07-08 10:00:57 | INFO | domnak | GET / -> 200 (2ms)
2026-07-08 10:00:57 | INFO | domnak | GET /health -> 200 (1ms)
2026-07-08 10:00:59 | INFO | domnak | GET /health/ready -> 200 (1275ms)
2026-07-08 10:00:59 | INFO | domnak | POST /api/v1/auth/signup -> 200 (511ms)
2026-07-08 10:01:00 | INFO | domnak | POST /api/v1/auth/login -> 200 (663ms)
2026-07-08 10:01:00 | INFO | domnak | GET /api/v1/auth/me -> 404 (287ms)
2026-07-08 10:01:00 | INFO | domnak | POST /api/v1/quotes/ -> 401 (131ms)
2026-07-08 10:01:00 | INFO | domnak | GET /api/v1/quotes/ -> 405 (0ms)
2026-07-08 10:01:01 | INFO | domnak | GET /api/v1/quotes/null -> 401 (129ms)
2026-07-08 10:01:01 | INFO | domnak | PATCH /api/v1/quotes/null -> 401 (145ms)
2026-07-08 10:01:01 | INFO | domnak | GET /api/v1/quotes/null/share -> 401 (128ms)
2026-07-08 10:01:01 | INFO | domnak | POST /api/v1/line-items/ -> 401 (131ms)
2026-07-08 10:01:01 | INFO | domnak | GET /api/v1/line-items/ -> 401 (128ms)
2026-07-08 10:01:01 | INFO | domnak | PATCH /api/v1/line-items/null -> 401 (127ms)
2026-07-08 10:01:01 | INFO | domnak | Estimate calculated: 120.0m² standard in phnom_penh
2026-07-08 10:01:01 | INFO | domnak | POST /api/v1/estimator/ -> 200 (2ms)
2026-07-08 10:01:01 | INFO | domnak | Fetched all suppliers
2026-07-08 10:01:01 | INFO | domnak | GET /api/v1/suppliers/ -> 200 (129ms)
2026-07-08 10:01:02 | INFO | domnak | Fetched all suppliers
2026-07-08 10:01:02 | INFO | domnak | GET /api/v1/suppliers/ -> 200 (129ms)
2026-07-08 10:01:02 | INFO | domnak | Fetched suppliers for material: Cement
2026-07-08 10:01:02 | INFO | domnak | GET /api/v1/suppliers/Cement -> 200 (141ms)
2026-07-08 10:01:02 | INFO | domnak | POST /api/v1/suppliers/d26d5d46-1a05-4dd8-bf36-1669550aaaea/click -> 401 (131ms)
2026-07-08 10:01:02 | INFO | domnak | POST /api/v1/analysis/null -> 401 (127ms)
2026-07-08 10:01:02 | INFO | domnak | GET /api/v1/analysis/null -> 401 (127ms)
2026-07-08 10:01:02 | INFO | domnak | DELETE /api/v1/line-items/null -> 401 (128ms)
2026-07-08 10:01:02 | INFO | domnak | DELETE /api/v1/quotes/null -> 401 (126ms)
2026-07-08 10:02:16 | INFO | domnak | GET / -> 200 (3ms)
2026-07-08 10:02:16 | INFO | domnak | GET /health -> 200 (0ms)
2026-07-08 10:02:17 | INFO | domnak | GET /health/ready -> 200 (490ms)
2026-07-08 10:02:17 | INFO | domnak | POST /api/v1/auth/signup -> 400 (347ms)
2026-07-08 10:02:17 | INFO | domnak | POST /api/v1/auth/login -> 200 (548ms)
2026-07-08 10:02:18 | INFO | domnak | GET /api/v1/auth/me -> 200 (157ms)
2026-07-08 10:02:18 | INFO | domnak | POST /api/v1/quotes/ -> 200 (288ms)
2026-07-08 10:02:18 | INFO | domnak | GET /api/v1/quotes/ -> 405 (0ms)
2026-07-08 10:02:18 | INFO | domnak | GET /api/v1/quotes/ea530772-fd88-43ff-8978-92804bac152a -> 200 (279ms)
2026-07-08 10:02:19 | INFO | domnak | PATCH /api/v1/quotes/ea530772-fd88-43ff-8978-92804bac152a -> 200 (394ms)
2026-07-08 10:02:19 | INFO | domnak | GET /api/v1/quotes/ea530772-fd88-43ff-8978-92804bac152a/share -> 200 (422ms)
2026-07-08 10:02:20 | INFO | domnak | POST /api/v1/line-items/ -> 200 (418ms)
2026-07-08 10:02:20 | INFO | domnak | GET /api/v1/line-items/ -> 200 (419ms)
2026-07-08 10:02:20 | INFO | domnak | PATCH /api/v1/line-items/ -> 405 (0ms)
2026-07-08 10:02:20 | INFO | domnak | Estimate calculated: 120.0m² standard in phnom_penh
2026-07-08 10:02:20 | INFO | domnak | POST /api/v1/estimator/ -> 200 (1ms)
2026-07-08 10:02:20 | INFO | domnak | Fetched all suppliers
2026-07-08 10:02:20 | INFO | domnak | GET /api/v1/suppliers/ -> 200 (134ms)
2026-07-08 10:02:20 | INFO | domnak | Fetched all suppliers
2026-07-08 10:02:20 | INFO | domnak | GET /api/v1/suppliers/ -> 200 (130ms)
2026-07-08 10:02:20 | INFO | domnak | Fetched suppliers for material: Cement
2026-07-08 10:02:20 | INFO | domnak | GET /api/v1/suppliers/Cement -> 200 (130ms)
2026-07-08 10:02:21 | INFO | domnak | User e1ae7bd1-4947-4fcc-9fff-1c1ecabe7ee8 clicked supplier d26d5d46-1a05-4dd8-bf36-1669550aaaea
2026-07-08 10:02:21 | INFO | domnak | POST /api/v1/suppliers/d26d5d46-1a05-4dd8-bf36-1669550aaaea/click -> 200 (271ms)
2026-07-08 10:02:22 | INFO | domnak | Quote ea530772-fd88-43ff-8978-92804bac152a analyzed — 1 items
2026-07-08 10:02:22 | INFO | domnak | POST /api/v1/analysis/ea530772-fd88-43ff-8978-92804bac152a -> 200 (1640ms)
2026-07-08 10:02:23 | INFO | domnak | GET /api/v1/analysis/ea530772-fd88-43ff-8978-92804bac152a -> 200 (403ms)
2026-07-08 10:02:23 | INFO | domnak | DELETE /api/v1/line-items/ -> 405 (1ms)
2026-07-08 10:02:23 | INFO | domnak | DELETE /api/v1/quotes/ea530772-fd88-43ff-8978-92804bac152a -> 200 (387ms)
2026-07-08 10:07:18 | INFO | domnak | GET / -> 200 (2ms)
2026-07-08 10:07:18 | INFO | domnak | GET /health -> 200 (0ms)
2026-07-08 10:07:19 | INFO | domnak | GET /health/ready -> 200 (955ms)
2026-07-08 10:07:19 | INFO | domnak | POST /api/v1/auth/signup -> 200 (628ms)
2026-07-08 10:07:20 | INFO | domnak | POST /api/v1/auth/login -> 200 (697ms)
2026-07-08 10:07:20 | INFO | domnak | GET /api/v1/auth/me -> 200 (133ms)
2026-07-08 10:07:20 | INFO | domnak | POST /api/v1/quotes/ -> 200 (378ms)
2026-07-08 10:07:21 | INFO | domnak | GET /api/v1/quotes/ -> 405 (0ms)
2026-07-08 10:07:21 | INFO | domnak | GET /api/v1/quotes/00cc4011-1c80-4066-b1b9-1546cefd5485 -> 200 (266ms)
2026-07-08 10:07:21 | INFO | domnak | PATCH /api/v1/quotes/00cc4011-1c80-4066-b1b9-1546cefd5485 -> 200 (395ms)
2026-07-08 10:07:22 | INFO | domnak | GET /api/v1/quotes/00cc4011-1c80-4066-b1b9-1546cefd5485/share -> 200 (384ms)
2026-07-08 10:07:22 | INFO | domnak | POST /api/v1/line-items/ -> 200 (380ms)
2026-07-08 10:07:22 | INFO | domnak | GET /api/v1/line-items/ -> 200 (399ms)
2026-07-08 10:07:22 | INFO | domnak | PATCH /api/v1/line-items/ -> 405 (0ms)
2026-07-08 10:07:22 | INFO | domnak | Estimate calculated: 120.0m² standard in phnom_penh
2026-07-08 10:07:22 | INFO | domnak | POST /api/v1/estimator/ -> 200 (2ms)
2026-07-08 10:07:23 | INFO | domnak | Fetched all suppliers
2026-07-08 10:07:23 | INFO | domnak | GET /api/v1/suppliers/ -> 200 (121ms)
2026-07-08 10:07:23 | INFO | domnak | Fetched all suppliers
2026-07-08 10:07:23 | INFO | domnak | GET /api/v1/suppliers/ -> 200 (134ms)
2026-07-08 10:07:23 | INFO | domnak | Fetched suppliers for material: Cement
2026-07-08 10:07:23 | INFO | domnak | GET /api/v1/suppliers/Cement -> 200 (122ms)
2026-07-08 10:07:23 | INFO | domnak | User ef1c0402-2d3e-4df2-a492-a53c1a43adc0 clicked supplier d26d5d46-1a05-4dd8-bf36-1669550aaaea
2026-07-08 10:07:23 | INFO | domnak | POST /api/v1/suppliers/d26d5d46-1a05-4dd8-bf36-1669550aaaea/click -> 200 (255ms)
2026-07-08 10:07:24 | INFO | domnak | Quote 00cc4011-1c80-4066-b1b9-1546cefd5485 analyzed — 1 items
2026-07-08 10:07:24 | INFO | domnak | POST /api/v1/analysis/00cc4011-1c80-4066-b1b9-1546cefd5485 -> 200 (1388ms)
2026-07-08 10:07:25 | INFO | domnak | GET /api/v1/analysis/00cc4011-1c80-4066-b1b9-1546cefd5485 -> 200 (383ms)
2026-07-08 10:07:25 | INFO | domnak | DELETE /api/v1/line-items/ -> 405 (1ms)
2026-07-08 10:07:25 | INFO | domnak | DELETE /api/v1/quotes/00cc4011-1c80-4066-b1b9-1546cefd5485 -> 200 (386ms)
2026-07-08 10:09:58 | INFO | domnak | GET / -> 200 (14ms)
2026-07-08 10:09:58 | INFO | domnak | GET /health -> 200 (1ms)
2026-07-08 10:09:59 | INFO | domnak | GET /health/ready -> 200 (714ms)
2026-07-08 10:10:00 | INFO | domnak | POST /api/v1/auth/signup -> 200 (715ms)
2026-07-08 10:10:00 | INFO | domnak | POST /api/v1/auth/login -> 200 (555ms)
2026-07-08 10:10:01 | INFO | domnak | GET /api/v1/auth/me -> 200 (131ms)
2026-07-08 10:10:01 | INFO | domnak | POST /api/v1/quotes/ -> 200 (277ms)
2026-07-08 10:10:01 | INFO | domnak | GET /api/v1/quotes/ -> 405 (0ms)
2026-07-08 10:10:01 | INFO | domnak | GET /api/v1/quotes/6c554377-4a95-4cbe-b1ea-da3efc97fa67 -> 200 (284ms)
2026-07-08 10:10:01 | INFO | domnak | PATCH /api/v1/quotes/6c554377-4a95-4cbe-b1ea-da3efc97fa67 -> 200 (399ms)
2026-07-08 10:10:02 | INFO | domnak | GET /api/v1/quotes/6c554377-4a95-4cbe-b1ea-da3efc97fa67/share -> 200 (392ms)
2026-07-08 10:10:02 | INFO | domnak | POST /api/v1/line-items/ -> 200 (424ms)
2026-07-08 10:10:03 | INFO | domnak | GET /api/v1/line-items/ -> 200 (413ms)
2026-07-08 10:10:03 | INFO | domnak | GET /api/v1/line-items/c9e7b2d6-19d4-41fb-a247-3ddd1f417402 -> 200 (394ms)
2026-07-08 10:10:04 | INFO | domnak | PATCH /api/v1/line-items/c9e7b2d6-19d4-41fb-a247-3ddd1f417402 -> 200 (519ms)
2026-07-08 10:10:04 | INFO | domnak | Estimate calculated: 100.0m² standard in phnom_penh
2026-07-08 10:10:04 | INFO | domnak | POST /api/v1/estimator/ -> 200 (2ms)
2026-07-08 10:10:04 | INFO | domnak | Fetched all suppliers
2026-07-08 10:10:04 | INFO | domnak | GET /api/v1/suppliers/ -> 200 (134ms)
2026-07-08 10:10:04 | INFO | domnak | Fetched suppliers for material: Cement
2026-07-08 10:10:04 | INFO | domnak | GET /api/v1/suppliers/Cement -> 200 (130ms)
2026-07-08 10:10:04 | INFO | domnak | User f14c8b47-c649-4c36-92c0-95ecb33c185d clicked supplier d26d5d46-1a05-4dd8-bf36-1669550aaaea
2026-07-08 10:10:04 | INFO | domnak | POST /api/v1/suppliers/d26d5d46-1a05-4dd8-bf36-1669550aaaea/click -> 200 (261ms)
2026-07-08 10:10:06 | INFO | domnak | Quote 6c554377-4a95-4cbe-b1ea-da3efc97fa67 analyzed — 1 items
2026-07-08 10:10:06 | INFO | domnak | POST /api/v1/analysis/6c554377-4a95-4cbe-b1ea-da3efc97fa67 -> 200 (1560ms)
2026-07-08 10:10:06 | INFO | domnak | GET /api/v1/analysis/6c554377-4a95-4cbe-b1ea-da3efc97fa67 -> 200 (398ms)
2026-07-08 10:10:07 | INFO | domnak | DELETE /api/v1/line-items/c9e7b2d6-19d4-41fb-a247-3ddd1f417402 -> 200 (516ms)
2026-07-08 10:10:07 | INFO | domnak | DELETE /api/v1/quotes/6c554377-4a95-4cbe-b1ea-da3efc97fa67 -> 200 (387ms)
2026-07-08 10:12:07 | INFO | domnak | POST /api/v1/auth/login -> 200 (1352ms)
2026-07-08 10:12:25 | INFO | domnak | GET /api/v1/quotes/ -> 405 (2ms)
2026-07-08 10:13:00 | INFO | domnak | GET /api/v1/line-items/ -> 401 (389ms)
2026-07-08 10:14:06 | INFO | domnak | GET /api/v1/quotes/ -> 200 (813ms)
2026-07-08 10:14:39 | INFO | domnak | GET /api/v1/line-items/ -> 200 (784ms)
2026-07-08 10:14:46 | INFO | domnak | Fetched all suppliers
2026-07-08 10:14:46 | INFO | domnak | GET /api/v1/suppliers/ -> 200 (289ms)
2026-07-08 10:14:52 | INFO | domnak | Fetched suppliers for material: Cement
2026-07-08 10:14:52 | INFO | domnak | GET /api/v1/suppliers/Cement -> 200 (282ms)
2026-07-08 10:15:36 | INFO | domnak | GET /api/v1/quotes/80ddb463-199d-4cd5-a423-c6f225d2ed87 -> 200 (654ms)
2026-07-08 10:23:25 | INFO | domnak | GET / -> 200 (85ms)
2026-07-08 10:23:25 | INFO | domnak | GET /health -> 200 (0ms)
2026-07-08 10:23:25 | INFO | domnak | GET /health/ready -> 200 (693ms)
2026-07-08 10:23:26 | INFO | domnak | POST /api/v1/auth/signup -> 200 (488ms)
2026-07-08 10:23:26 | INFO | domnak | POST /api/v1/auth/login -> 200 (622ms)
2026-07-08 10:23:27 | INFO | domnak | GET /api/v1/auth/me -> 200 (234ms)
2026-07-08 10:23:27 | INFO | domnak | POST /api/v1/quotes/ -> 200 (398ms)
2026-07-08 10:23:27 | INFO | domnak | GET /api/v1/quotes/ -> 200 (246ms)
2026-07-08 10:23:28 | INFO | domnak | GET /api/v1/quotes/6c460324-8e40-4d0c-8d33-cd6486fc1f6e -> 200 (383ms)
2026-07-08 10:23:28 | INFO | domnak | PATCH /api/v1/quotes/6c460324-8e40-4d0c-8d33-cd6486fc1f6e -> 200 (381ms)
2026-07-08 10:23:28 | INFO | domnak | GET /api/v1/quotes/6c460324-8e40-4d0c-8d33-cd6486fc1f6e/share -> 200 (377ms)
2026-07-08 10:23:29 | INFO | domnak | POST /api/v1/line-items/ -> 200 (416ms)
2026-07-08 10:23:29 | INFO | domnak | GET /api/v1/line-items/ -> 200 (383ms)
2026-07-08 10:23:30 | INFO | domnak | GET /api/v1/line-items/c294e3ad-1224-4d7c-8741-61e2a086b507 -> 200 (366ms)
2026-07-08 10:23:30 | INFO | domnak | PATCH /api/v1/line-items/c294e3ad-1224-4d7c-8741-61e2a086b507 -> 200 (516ms)
2026-07-08 10:23:30 | INFO | domnak | Estimate calculated: 100.0m² standard in phnom_penh
2026-07-08 10:23:30 | INFO | domnak | POST /api/v1/estimator/ -> 200 (3ms)
2026-07-08 10:23:30 | INFO | domnak | Fetched all suppliers
2026-07-08 10:23:30 | INFO | domnak | GET /api/v1/suppliers/ -> 200 (123ms)
2026-07-08 10:23:30 | INFO | domnak | Fetched suppliers for material: Cement
2026-07-08 10:23:30 | INFO | domnak | GET /api/v1/suppliers/Cement -> 200 (119ms)
2026-07-08 10:23:31 | INFO | domnak | User 4cdd4830-05c0-4808-978e-ac28dcd190d6 clicked supplier d26d5d46-1a05-4dd8-bf36-1669550aaaea
2026-07-08 10:23:31 | INFO | domnak | POST /api/v1/suppliers/d26d5d46-1a05-4dd8-bf36-1669550aaaea/click -> 200 (251ms)
2026-07-08 10:23:32 | INFO | domnak | Quote 6c460324-8e40-4d0c-8d33-cd6486fc1f6e analyzed — 1 items
2026-07-08 10:23:32 | INFO | domnak | POST /api/v1/analysis/6c460324-8e40-4d0c-8d33-cd6486fc1f6e -> 200 (1590ms)
2026-07-08 10:23:33 | INFO | domnak | GET /api/v1/analysis/6c460324-8e40-4d0c-8d33-cd6486fc1f6e -> 200 (363ms)
2026-07-08 10:23:33 | INFO | domnak | DELETE /api/v1/line-items/c294e3ad-1224-4d7c-8741-61e2a086b507 -> 200 (517ms)
2026-07-08 10:23:33 | INFO | domnak | DELETE /api/v1/quotes/6c460324-8e40-4d0c-8d33-cd6486fc1f6e -> 200 (377ms)
2026-07-09 15:41:15 | INFO | domnak | GET /health -> 200 (7ms)
2026-07-09 15:41:15 | INFO | domnak | POST /api/v1/auth/login -> 404 (0ms)
2026-07-09 15:41:15 | INFO | domnak | GET /api/v1/auth/me -> 404 (0ms)
2026-07-09 15:41:15 | INFO | domnak | POST /api/v1/quotes/ -> 404 (0ms)
2026-07-09 15:41:15 | INFO | domnak | GET /api/v1/quotes/ -> 404 (0ms)
2026-07-09 15:41:15 | INFO | domnak | GET /api/v1/quotes/null -> 404 (0ms)
2026-07-09 15:41:15 | INFO | domnak | POST /api/v1/line-items/ -> 404 (0ms)
2026-07-09 15:41:15 | INFO | domnak | GET /api/v1/line-items/ -> 404 (0ms)
2026-07-09 15:41:15 | INFO | domnak | POST /api/v1/estimator/ -> 404 (0ms)
2026-07-09 15:41:15 | INFO | domnak | POST /api/v1/chat/chat/stream -> 404 (0ms)
2026-07-09 15:41:15 | INFO | domnak | POST /api/v1/floor-plan/upload -> 404 (0ms)
2026-07-09 15:41:15 | INFO | domnak | DELETE /api/v1/line-items/null -> 404 (0ms)
2026-07-09 15:41:15 | INFO | domnak | DELETE /api/v1/quotes/null -> 404 (0ms)
2026-07-09 15:43:45 | INFO | domnak | GET / -> 200 (19ms)
2026-07-09 15:43:45 | INFO | domnak | GET /health -> 200 (0ms)
2026-07-09 15:43:47 | INFO | domnak | GET /health/ready -> 200 (2179ms)
2026-07-09 15:43:47 | INFO | domnak | POST /api/v1/auth/signup -> 404 (0ms)
2026-07-09 15:43:47 | INFO | domnak | POST /api/v1/auth/login -> 404 (0ms)
2026-07-09 15:43:47 | INFO | domnak | GET /api/v1/auth/me -> 404 (0ms)
2026-07-09 15:43:47 | INFO | domnak | POST /api/v1/quotes/ -> 404 (0ms)
2026-07-09 15:43:47 | INFO | domnak | GET /api/v1/quotes/ -> 404 (0ms)
2026-07-09 15:43:47 | INFO | domnak | POST /api/v1/estimator/ -> 404 (1ms)
2026-07-09 15:43:47 | INFO | domnak | GET /api/v1/suppliers/ -> 404 (0ms)
2026-07-09 15:43:47 | INFO | domnak | GET /api/v1/suppliers/Cement -> 404 (0ms)
2026-07-09 15:57:22 | INFO | domnak | GET / -> 200 (17ms)
2026-07-09 15:57:22 | INFO | domnak | GET /health -> 200 (0ms)
2026-07-09 15:57:23 | INFO | domnak | GET /health/ready -> 200 (1255ms)
2026-07-09 15:57:23 | INFO | domnak | POST /api/v1/auth/signup -> 404 (1ms)
2026-07-09 15:57:23 | INFO | domnak | POST /api/v1/auth/login -> 404 (0ms)
2026-07-09 15:57:23 | INFO | domnak | GET /api/v1/auth/me -> 404 (0ms)
2026-07-09 15:57:23 | INFO | domnak | POST /api/v1/quotes/ -> 404 (0ms)
2026-07-09 15:57:23 | INFO | domnak | GET /api/v1/quotes/ -> 404 (0ms)
2026-07-09 15:57:23 | INFO | domnak | POST /api/v1/estimator/ -> 404 (0ms)
2026-07-09 15:57:23 | INFO | domnak | GET /api/v1/suppliers/ -> 404 (0ms)
2026-07-09 15:57:23 | INFO | domnak | GET /api/v1/suppliers/Cement -> 404 (0ms)
2026-07-09 16:02:15 | INFO | domnak | GET /health -> 200 (2ms)
2026-07-09 16:03:19 | INFO | domnak | GET / -> 200 (1ms)
2026-07-09 16:03:19 | INFO | domnak | GET /health -> 200 (0ms)
2026-07-09 16:03:20 | INFO | domnak | GET /health/ready -> 200 (959ms)
2026-07-09 16:03:20 | INFO | domnak | POST /api/auth/signup -> 404 (0ms)
2026-07-09 16:03:20 | INFO | domnak | POST /api/auth/login -> 404 (0ms)
2026-07-09 16:03:20 | INFO | domnak | GET /api/auth/me -> 404 (0ms)
2026-07-09 16:03:20 | INFO | domnak | POST /api/quotes/ -> 404 (0ms)
2026-07-09 16:03:20 | INFO | domnak | GET /api/quotes/ -> 404 (0ms)
2026-07-09 16:03:20 | INFO | domnak | POST /api/estimator/ -> 404 (0ms)
2026-07-09 16:03:20 | INFO | domnak | GET /api/suppliers/ -> 404 (0ms)
2026-07-09 16:03:20 | INFO | domnak | GET /api/suppliers/Cement -> 404 (0ms)
2026-07-09 16:06:42 | INFO | domnak | GET /openapi.json -> 200 (28ms)
2026-07-09 16:08:03 | INFO | domnak | GET /health -> 200 (2ms)
2026-07-09 16:08:04 | INFO | domnak | POST /auth/signup -> 200 (1040ms)
2026-07-09 16:08:06 | INFO | domnak | POST /auth/login -> 200 (1127ms)
2026-07-09 16:08:06 | INFO | domnak | GET /auth/me -> 200 (299ms)
2026-07-09 16:08:07 | INFO | domnak | POST /quotes/ -> 200 (854ms)
2026-07-09 16:08:07 | INFO | domnak | GET /quotes/ -> 200 (435ms)
2026-07-09 16:08:08 | INFO | domnak | GET /quotes/efb54bda-6ce3-4087-8cad-13e6965ab745 -> 200 (643ms)
2026-07-09 16:08:08 | INFO | domnak | GET /quotes/efb54bda-6ce3-4087-8cad-13e6965ab745/share -> 200 (561ms)
2026-07-09 16:08:09 | INFO | domnak | POST /line-items/ -> 200 (438ms)
2026-07-09 16:08:10 | INFO | domnak | GET /line-items/ -> 200 (843ms)
2026-07-09 16:08:10 | INFO | domnak | Estimate calculated: 100.0m² standard in phnom_penh
2026-07-09 16:08:10 | INFO | domnak | POST /estimator/ -> 200 (1ms)
2026-07-09 16:08:10 | INFO | domnak | POST /chat/chat/stream -> 500 (364ms)
2026-07-09 16:08:10 | INFO | domnak | GET /chat/history -> 500 (147ms)
2026-07-09 16:08:11 | INFO | domnak | DELETE /line-items/1492667a-678c-4884-aea4-ba0560a9cea2 -> 200 (598ms)
2026-07-09 16:08:11 | INFO | domnak | DELETE /quotes/efb54bda-6ce3-4087-8cad-13e6965ab745 -> 200 (483ms)
2026-07-09 16:08:30 | INFO | domnak | POST /auth/login -> 200 (2020ms)
2026-07-09 16:08:30 | INFO | domnak | POST /chat/chat/stream -> 500 (138ms)
2026-07-09 16:09:17 | INFO | domnak | POST /auth/login -> 200 (831ms)
2026-07-09 16:09:17 | INFO | domnak | POST /chat/chat/stream -> 500 (161ms)
2026-07-09 16:10:11 | INFO | domnak | POST /auth/login -> 200 (1395ms)
2026-07-09 16:10:11 | INFO | domnak | POST /chat/chat/stream -> 500 (336ms)
2026-07-09 16:11:02 | INFO | domnak | POST /auth/login -> 200 (1478ms)
2026-07-09 16:11:03 | INFO | domnak | POST /chat/chat/stream -> 500 (311ms)
2026-07-09 16:13:58 | INFO | domnak | GET /health -> 200 (9ms)
2026-07-09 16:13:59 | INFO | domnak | POST /auth/signup -> 200 (726ms)
2026-07-09 16:14:00 | INFO | domnak | POST /auth/login -> 200 (1010ms)
2026-07-09 16:14:00 | INFO | domnak | GET /auth/me -> 200 (163ms)
2026-07-09 16:14:00 | INFO | domnak | POST /quotes/ -> 500 (305ms)
2026-07-09 16:14:01 | INFO | domnak | GET /quotes/ -> 500 (294ms)
2026-07-09 16:14:01 | INFO | domnak | Estimate calculated: 100.0m² standard in phnom_penh
2026-07-09 16:14:01 | INFO | domnak | POST /estimator/ -> 200 (8ms)
2026-07-09 16:14:01 | INFO | domnak | POST /chat/chat/stream -> 500 (506ms)
2026-07-09 16:14:02 | INFO | domnak | GET /chat/history -> 500 (636ms)
2026-07-09 16:14:15 | INFO | domnak | GET /openapi.json -> 200 (23ms)
2026-07-09 16:14:58 | INFO | domnak | GET /health -> 200 (1ms)
2026-07-09 16:14:59 | INFO | domnak | POST /auth/signup -> 200 (595ms)
2026-07-09 16:15:01 | INFO | domnak | POST /auth/login -> 200 (1712ms)
2026-07-09 16:15:01 | INFO | domnak | GET /auth/me -> 200 (309ms)
2026-07-09 16:15:01 | INFO | domnak | POST /quotes/ -> 500 (177ms)
2026-07-09 16:15:01 | INFO | domnak | GET /quotes/ -> 500 (189ms)
2026-07-09 16:15:01 | INFO | domnak | Estimate calculated: 100.0m² standard in phnom_penh
2026-07-09 16:15:01 | INFO | domnak | POST /estimator/ -> 200 (1ms)
2026-07-09 16:15:02 | INFO | domnak | POST /chat/chat/stream -> 500 (643ms)
2026-07-09 16:15:02 | INFO | domnak | GET /chat/history -> 500 (306ms)
2026-07-09 16:15:25 | INFO | domnak | POST /auth/login -> 200 (779ms)
2026-07-09 16:15:25 | INFO | domnak | POST /quotes/ -> 500 (158ms)
2026-07-09 16:16:38 | INFO | domnak | POST /auth/login -> 200 (1861ms)
2026-07-09 16:16:38 | INFO | domnak | POST /quotes/ -> 500 (421ms)
2026-07-09 16:17:41 | INFO | domnak | POST /auth/login -> 200 (778ms)
2026-07-09 16:17:42 | INFO | domnak | POST /quotes/ -> 500 (147ms)
2026-07-09 16:18:13 | INFO | domnak | POST /auth/login -> 200 (658ms)
2026-07-09 16:18:13 | INFO | domnak | POST /quotes/ -> 500 (290ms)
2026-07-09 16:19:49 | INFO | domnak | POST /auth/login -> 200 (1502ms)
2026-07-09 16:19:50 | INFO | domnak | POST /quotes/ -> 200 (689ms)
2026-07-09 16:20:11 | INFO | domnak | GET /health -> 200 (12ms)
2026-07-09 16:20:12 | INFO | domnak | POST /auth/signup -> 200 (470ms)
2026-07-09 16:20:12 | INFO | domnak | POST /auth/login -> 200 (705ms)
2026-07-09 16:20:12 | INFO | domnak | GET /auth/me -> 200 (212ms)
2026-07-09 16:20:13 | INFO | domnak | POST /quotes/ -> 200 (782ms)
2026-07-09 16:20:14 | INFO | domnak | GET /quotes/ -> 200 (719ms)
2026-07-09 16:20:14 | INFO | domnak | GET /quotes/8a6dd3fc-9af0-4989-bba5-e92d7d7427ec -> 200 (300ms)
2026-07-09 16:20:15 | INFO | domnak | GET /quotes/8a6dd3fc-9af0-4989-bba5-e92d7d7427ec/share -> 200 (437ms)
2026-07-09 16:20:15 | INFO | domnak | POST /line-items/ -> 500 (693ms)
2026-07-09 16:20:16 | INFO | domnak | GET /line-items/ -> 500 (135ms)
2026-07-09 16:20:16 | INFO | domnak | Estimate calculated: 100.0m² standard in phnom_penh
2026-07-09 16:20:16 | INFO | domnak | POST /estimator/ -> 200 (2ms)
2026-07-09 16:20:16 | INFO | domnak | POST /chat/chat/stream -> 500 (520ms)
2026-07-09 16:20:16 | INFO | domnak | GET /chat/history -> 500 (288ms)
2026-07-09 16:20:17 | INFO | domnak | DELETE /quotes/8a6dd3fc-9af0-4989-bba5-e92d7d7427ec -> 200 (615ms)
2026-07-09 16:21:03 | INFO | domnak | GET /health -> 200 (10ms)
2026-07-09 16:21:03 | INFO | domnak | POST /auth/signup -> 200 (654ms)
2026-07-09 16:21:05 | INFO | domnak | POST /auth/login -> 200 (1021ms)
2026-07-09 16:21:05 | INFO | domnak | GET /auth/me -> 200 (174ms)
2026-07-09 16:21:05 | INFO | domnak | POST /quotes/ -> 200 (434ms)
2026-07-09 16:21:05 | INFO | domnak | GET /quotes/ -> 200 (378ms)
2026-07-09 16:21:06 | INFO | domnak | GET /quotes/db8d16d2-a5f5-497b-8b6f-0937afc4e448 -> 200 (305ms)
2026-07-09 16:21:06 | INFO | domnak | GET /quotes/db8d16d2-a5f5-497b-8b6f-0937afc4e448/share -> 200 (644ms)
2026-07-09 16:21:07 | INFO | domnak | POST /line-items/ -> 500 (487ms)
2026-07-09 16:21:08 | INFO | domnak | GET /line-items/ -> 200 (573ms)
2026-07-09 16:21:08 | INFO | domnak | Estimate calculated: 100.0m² standard in phnom_penh
2026-07-09 16:21:08 | INFO | domnak | POST /estimator/ -> 200 (2ms)
2026-07-09 16:21:08 | INFO | domnak | POST /chat/chat/stream -> 500 (321ms)
2026-07-09 16:21:08 | INFO | domnak | GET /chat/history -> 500 (287ms)
2026-07-09 16:21:09 | INFO | domnak | DELETE /quotes/db8d16d2-a5f5-497b-8b6f-0937afc4e448 -> 200 (450ms)
2026-07-09 16:21:38 | INFO | domnak | GET /health -> 200 (18ms)
2026-07-09 16:21:38 | INFO | domnak | POST /auth/signup -> 200 (878ms)
2026-07-09 16:21:39 | INFO | domnak | POST /auth/login -> 200 (931ms)
2026-07-09 16:21:40 | INFO | domnak | GET /auth/me -> 200 (306ms)
2026-07-09 16:21:40 | INFO | domnak | POST /quotes/ -> 200 (659ms)
2026-07-09 16:21:41 | INFO | domnak | GET /quotes/ -> 200 (603ms)
2026-07-09 16:21:41 | INFO | domnak | GET /quotes/e7c046c2-c5a5-498c-a289-d5fb86a75b7c -> 200 (456ms)
2026-07-09 16:21:42 | INFO | domnak | GET /quotes/e7c046c2-c5a5-498c-a289-d5fb86a75b7c/share -> 200 (570ms)
2026-07-09 16:21:42 | INFO | domnak | POST /line-items/ -> 200 (459ms)
2026-07-09 16:21:43 | INFO | domnak | GET /line-items/ -> 200 (402ms)
2026-07-09 16:21:43 | INFO | domnak | GET /line-items/6e7db1a1-4ee6-40bc-bb89-17bd4185ef6c -> 200 (421ms)
2026-07-09 16:21:44 | INFO | domnak | PATCH /line-items/6e7db1a1-4ee6-40bc-bb89-17bd4185ef6c -> 500 (423ms)
2026-07-09 16:21:44 | INFO | domnak | Estimate calculated: 100.0m² standard in phnom_penh
2026-07-09 16:21:44 | INFO | domnak | POST /estimator/ -> 200 (1ms)
2026-07-09 16:21:44 | INFO | domnak | POST /chat/chat/stream -> 500 (293ms)
2026-07-09 16:21:44 | INFO | domnak | GET /chat/history -> 500 (278ms)
2026-07-09 16:21:45 | INFO | domnak | DELETE /line-items/6e7db1a1-4ee6-40bc-bb89-17bd4185ef6c -> 200 (705ms)
2026-07-09 16:21:46 | INFO | domnak | DELETE /quotes/e7c046c2-c5a5-498c-a289-d5fb86a75b7c -> 200 (792ms)
2026-07-09 16:23:03 | INFO | domnak | GET /health -> 200 (9ms)
2026-07-09 16:23:04 | INFO | domnak | POST /auth/signup -> 200 (873ms)
2026-07-09 16:23:05 | INFO | domnak | POST /auth/login -> 200 (1151ms)
2026-07-09 16:23:05 | INFO | domnak | GET /auth/me -> 200 (158ms)
2026-07-09 16:23:06 | INFO | domnak | POST /quotes/ -> 200 (877ms)
2026-07-09 16:23:06 | INFO | domnak | GET /quotes/ -> 200 (344ms)
2026-07-09 16:23:06 | INFO | domnak | GET /quotes/c87829ab-b456-40a6-9e91-ac02a2bc8a1d -> 200 (314ms)
2026-07-09 16:23:07 | INFO | domnak | GET /quotes/c87829ab-b456-40a6-9e91-ac02a2bc8a1d/share -> 200 (788ms)
2026-07-09 16:23:10 | INFO | domnak | POST /line-items/ -> 200 (2491ms)
2026-07-09 16:23:11 | INFO | domnak | GET /line-items/ -> 200 (900ms)
2026-07-09 16:23:11 | INFO | domnak | GET /line-items/d2fa5379-5c95-4eb1-9fe8-62b5b983e058 -> 200 (545ms)
2026-07-09 16:23:12 | INFO | domnak | PATCH /line-items/d2fa5379-5c95-4eb1-9fe8-62b5b983e058 -> 200 (631ms)
2026-07-09 16:23:12 | INFO | domnak | Estimate calculated: 100.0m² standard in phnom_penh
2026-07-09 16:23:12 | INFO | domnak | POST /estimator/ -> 200 (3ms)
2026-07-09 16:23:12 | INFO | domnak | POST /chat/chat/stream -> 500 (337ms)
2026-07-09 16:23:12 | INFO | domnak | GET /chat/history -> 500 (321ms)
2026-07-09 16:23:13 | INFO | domnak | DELETE /line-items/d2fa5379-5c95-4eb1-9fe8-62b5b983e058 -> 200 (619ms)
2026-07-09 16:23:14 | INFO | domnak | DELETE /quotes/c87829ab-b456-40a6-9e91-ac02a2bc8a1d -> 200 (453ms)
2026-07-09 16:24:04 | INFO | domnak | POST /auth/login -> 200 (1227ms)
2026-07-09 16:24:04 | INFO | domnak | POST /chat/chat/stream -> 500 (473ms)
2026-07-09 16:25:57 | INFO | domnak | POST /auth/login -> 200 (1165ms)
2026-07-09 16:25:58 | INFO | domnak | POST /chat/chat/stream -> 200 (1036ms)
2026-07-09 16:26:13 | INFO | domnak | GET /health -> 200 (2ms)
2026-07-09 16:26:15 | INFO | domnak | POST /auth/signup -> 200 (1749ms)
2026-07-09 16:26:16 | INFO | domnak | POST /auth/login -> 200 (958ms)
2026-07-09 16:26:16 | INFO | domnak | GET /auth/me -> 200 (288ms)
2026-07-09 16:26:16 | INFO | domnak | POST /quotes/ -> 200 (626ms)
2026-07-09 16:26:17 | INFO | domnak | GET /quotes/ -> 200 (450ms)
2026-07-09 16:26:17 | INFO | domnak | GET /quotes/ba7ed28b-33a7-48d7-8ae4-050ec469eeb9 -> 200 (330ms)
2026-07-09 16:26:18 | INFO | domnak | GET /quotes/ba7ed28b-33a7-48d7-8ae4-050ec469eeb9/share -> 200 (586ms)
2026-07-09 16:26:18 | INFO | domnak | POST /line-items/ -> 200 (445ms)
2026-07-09 16:26:19 | INFO | domnak | GET /line-items/ -> 200 (726ms)
2026-07-09 16:26:20 | INFO | domnak | GET /line-items/ace28957-fe4e-4042-a406-32d1cbe6c6c3 -> 200 (1436ms)
2026-07-09 16:26:21 | INFO | domnak | PATCH /line-items/ace28957-fe4e-4042-a406-32d1cbe6c6c3 -> 200 (566ms)
2026-07-09 16:26:21 | INFO | domnak | Estimate calculated: 100.0m² standard in phnom_penh
2026-07-09 16:26:21 | INFO | domnak | POST /estimator/ -> 200 (2ms)
2026-07-09 16:26:22 | INFO | domnak | POST /chat/chat/stream -> 200 (1470ms)
2026-07-09 16:27:01 | INFO | domnak | GET /health -> 200 (4ms)
2026-07-09 16:27:01 | INFO | domnak | POST /auth/signup -> 200 (381ms)
2026-07-09 16:27:02 | INFO | domnak | POST /auth/login -> 200 (653ms)
2026-07-09 16:27:03 | INFO | domnak | GET /auth/me -> 200 (149ms)
2026-07-09 16:27:03 | INFO | domnak | POST /quotes/ -> 200 (424ms)
2026-07-09 16:27:04 | INFO | domnak | GET /quotes/ -> 200 (463ms)
2026-07-09 16:27:04 | INFO | domnak | GET /quotes/51a14563-1423-4ac4-84ab-19f00f43bdba -> 200 (943ms)
2026-07-09 16:27:05 | INFO | domnak | GET /quotes/51a14563-1423-4ac4-84ab-19f00f43bdba/share -> 200 (570ms)
2026-07-09 16:27:06 | INFO | domnak | POST /line-items/ -> 200 (839ms)
2026-07-09 16:27:07 | INFO | domnak | GET /line-items/ -> 200 (874ms)
2026-07-09 16:27:08 | INFO | domnak | GET /line-items/d44120b0-f689-4372-a377-eb0a5e0e8e18 -> 200 (1248ms)
2026-07-09 16:27:09 | INFO | domnak | PATCH /line-items/d44120b0-f689-4372-a377-eb0a5e0e8e18 -> 200 (643ms)
2026-07-09 16:27:09 | INFO | domnak | Estimate calculated: 100.0m² standard in phnom_penh
2026-07-09 16:27:09 | INFO | domnak | POST /estimator/ -> 200 (3ms)
2026-07-09 16:27:10 | INFO | domnak | POST /chat/chat/stream -> 200 (999ms)
2026-07-09 16:27:10 | INFO | domnak | GET /chat/history -> 200 (288ms)
2026-07-09 16:27:10 | INFO | domnak | DELETE /line-items/d44120b0-f689-4372-a377-eb0a5e0e8e18 -> 200 (561ms)
2026-07-09 16:27:12 | INFO | domnak | DELETE /quotes/51a14563-1423-4ac4-84ab-19f00f43bdba -> 200 (1418ms)
2026-07-09 16:28:18 | INFO | domnak | POST /auth/login -> 200 (2514ms)
2026-07-09 16:28:19 | INFO | domnak | POST /chat/chat/stream -> 200 (579ms)
2026-07-09 16:28:38 | INFO | domnak | POST /auth/login -> 200 (657ms)
2026-07-09 16:28:39 | INFO | domnak | POST /chat/chat/stream -> 200 (552ms)
2026-07-09 16:28:57 | INFO | domnak | POST /auth/login -> 200 (795ms)
2026-07-09 16:29:05 | INFO | domnak | POST /auth/login -> 200 (991ms)
2026-07-09 16:29:06 | INFO | domnak | GET /chat/history -> 200 (459ms)
2026-07-09 16:30:01 | INFO | domnak | GET /health -> 200 (3ms)
2026-07-09 16:30:01 | INFO | domnak | POST /auth/signup -> 200 (392ms)
2026-07-09 16:30:03 | INFO | domnak | POST /auth/login -> 200 (1265ms)
2026-07-09 16:30:03 | INFO | domnak | GET /auth/me -> 200 (223ms)
2026-07-09 16:30:04 | INFO | domnak | POST /quotes/ -> 200 (364ms)
2026-07-09 16:30:04 | INFO | domnak | GET /quotes/ -> 200 (293ms)
2026-07-09 16:30:05 | INFO | domnak | GET /quotes/92247424-3654-4820-bfcc-8fd592c3fea6 -> 200 (502ms)
2026-07-09 16:30:05 | INFO | domnak | GET /quotes/92247424-3654-4820-bfcc-8fd592c3fea6/share -> 200 (635ms)
2026-07-09 16:30:06 | INFO | domnak | POST /line-items/ -> 200 (631ms)
2026-07-09 16:30:06 | INFO | domnak | GET /line-items/ -> 200 (583ms)
2026-07-09 16:30:07 | INFO | domnak | GET /line-items/7f6188e7-48b7-429a-92f9-05efd742c00f -> 200 (442ms)
2026-07-09 16:30:07 | INFO | domnak | PATCH /line-items/7f6188e7-48b7-429a-92f9-05efd742c00f -> 200 (558ms)
2026-07-09 16:30:07 | INFO | domnak | Estimate calculated: 100.0m² standard in phnom_penh
2026-07-09 16:30:07 | INFO | domnak | POST /estimator/ -> 200 (1ms)
2026-07-09 16:30:09 | INFO | domnak | POST /chat/chat/stream -> 200 (1229ms)
2026-07-09 16:30:09 | INFO | domnak | GET /chat/history -> 200 (290ms)
2026-07-09 16:30:10 | INFO | domnak | DELETE /line-items/7f6188e7-48b7-429a-92f9-05efd742c00f -> 200 (1315ms)
2026-07-09 16:30:11 | INFO | domnak | DELETE /quotes/92247424-3654-4820-bfcc-8fd592c3fea6 -> 200 (780ms)
2026-07-09 16:34:06 | INFO | domnak | POST /auth/login -> 200 (1252ms)
2026-07-09 16:34:07 | INFO | domnak | POST /floor-plan/upload -> 200 (1398ms)
2026-07-09 16:34:17 | INFO | domnak | POST /floor-plan/create-quote -> 200 (2993ms)
2026-07-09 16:35:11 | INFO | domnak | POST /auth/login -> 200 (750ms)
2026-07-09 16:35:14 | INFO | domnak | POST /floor-plan/create-quote -> 200 (2804ms)
2026-07-09 16:36:13 | INFO | domnak | GET /health -> 200 (2ms)
2026-07-09 16:36:14 | INFO | domnak | POST /auth/signup -> 200 (971ms)
2026-07-09 16:36:17 | INFO | domnak | POST /auth/login -> 200 (2324ms)
2026-07-09 16:36:17 | INFO | domnak | GET /auth/me -> 200 (146ms)
2026-07-09 16:36:18 | INFO | domnak | POST /quotes/ -> 200 (749ms)
2026-07-09 16:36:18 | INFO | domnak | GET /quotes/ -> 200 (354ms)
2026-07-09 16:36:18 | INFO | domnak | GET /quotes/7a840ae2-bf3a-40b9-ab32-06aa16cc5794 -> 200 (277ms)
2026-07-09 16:36:19 | INFO | domnak | GET /quotes/7a840ae2-bf3a-40b9-ab32-06aa16cc5794/share -> 200 (432ms)
2026-07-09 16:36:19 | INFO | domnak | POST /line-items/ -> 200 (606ms)
2026-07-09 16:36:20 | INFO | domnak | GET /line-items/ -> 200 (436ms)
2026-07-09 16:36:20 | INFO | domnak | GET /line-items/ee74bfb0-2ce4-47ba-b6f4-d98fb016ebe7 -> 200 (433ms)
2026-07-09 16:36:21 | INFO | domnak | PATCH /line-items/ee74bfb0-2ce4-47ba-b6f4-d98fb016ebe7 -> 200 (1102ms)
2026-07-09 16:36:21 | INFO | domnak | Estimate calculated: 100.0m² standard in phnom_penh
2026-07-09 16:36:21 | INFO | domnak | POST /estimator/ -> 200 (1ms)
2026-07-09 16:36:24 | INFO | domnak | POST /chat/chat/stream -> 200 (2287ms)
2026-07-09 16:36:24 | INFO | domnak | GET /chat/history -> 200 (277ms)
2026-07-09 16:36:25 | INFO | domnak | POST /floor-plan/upload -> 200 (1126ms)
2026-07-09 16:36:28 | INFO | domnak | POST /floor-plan/create-quote -> 200 (3345ms)
2026-07-09 16:36:29 | INFO | domnak | GET /floor-plan/dad4666b-40c1-453d-8cb4-b030ea81850f -> 200 (426ms)
2026-07-09 16:36:30 | INFO | domnak | DELETE /line-items/ee74bfb0-2ce4-47ba-b6f4-d98fb016ebe7 -> 200 (770ms)
2026-07-09 16:36:30 | INFO | domnak | DELETE /quotes/7a840ae2-bf3a-40b9-ab32-06aa16cc5794 -> 200 (490ms)
2026-07-09 16:36:30 | INFO | domnak | DELETE /floor-plan/dad4666b-40c1-453d-8cb4-b030ea81850f -> 405 (1ms)
